#-----------------------------------------------------------
# Vivado v2024.2 (64-bit)
# SW Build 5239630 on Fri Nov 08 22:35:27 MST 2024
# IP Build 5239520 on Sun Nov 10 16:12:51 MST 2024
# SharedData Build 5239561 on Fri Nov 08 14:39:27 MST 2024
# Start of session at: Fri Dec 26 23:38:16 2025
# Process ID         : 9544
# Current directory  : D:/U更/Example/hw/src
# Command line       : vivado.exe -gui_launcher_event rodinguilauncherevent1416 D:\U更\Example\hw\src\soc.xpr
# Log file           : D:/U更/Example/hw/src/vivado.log
# Journal file       : D:/U更/Example/hw/src\vivado.jou
# Running On         : LAPTOP-AHEFCFON
# Platform           : Windows Server 2016 or Windows 10
# Operating System   : 26200
# Processor Detail   : 11th Gen Intel(R) Core(TM) i5-11400H @ 2.70GHz
# CPU Frequency      : 2688 MHz
# CPU Physical cores : 6
# CPU Logical cores  : 12
# Host memory        : 16800 MB
# Swap memory        : 15032 MB
# Total Virtual      : 31832 MB
# Available Virtual  : 13002 MB
#-----------------------------------------------------------
start_gui
WARNING: [Board 49-26] cannot add Board Part digilentinc.com:arty-z7-10:part0:1.1 available at D:/Vivado/Vivado/2024.2/data/boards/board_files/arty-z7-10/A.0/board.xml as part xc7z010clg400-1 specified in board_part file is either invalid or not available
WARNING: [Board 49-26] cannot add Board Part digilentinc.com:arty-z7-20:part0:1.1 available at D:/Vivado/Vivado/2024.2/data/boards/board_files/arty-z7-20/A.0/board.xml as part xc7z020clg400-1 specified in board_part file is either invalid or not available
WARNING: [Board 49-26] cannot add Board Part digilentinc.com:cora-z7-07s:part0:1.1 available at D:/Vivado/Vivado/2024.2/data/boards/board_files/cora-z7-07s/B.0/board.xml as part xc7z007sclg400-1 specified in board_part file is either invalid or not available
WARNING: [Board 49-26] cannot add Board Part digilentinc.com:cora-z7-10:part0:1.1 available at D:/Vivado/Vivado/2024.2/data/boards/board_files/cora-z7-10/B.0/board.xml as part xc7z010clg400-1 specified in board_part file is either invalid or not available
WARNING: [Board 49-26] cannot add Board Part digilentinc.com:eclypse-z7:part0:1.0 available at D:/Vivado/Vivado/2024.2/data/boards/board_files/eclypse-z7/A.0/board.xml as part xc7z020clg484-1 specified in board_part file is either invalid or not available
WARNING: [Board 49-26] cannot add Board Part digilentinc.com:eclypse-z7:part0:1.1 available at D:/Vivado/Vivado/2024.2/data/boards/board_files/eclypse-z7/B.0/board.xml as part xc7z020clg484-1 specified in board_part file is either invalid or not available
WARNING: [Board 49-26] cannot add Board Part digilentinc.com:genesys2:part0:1.1 available at D:/Vivado/Vivado/2024.2/data/boards/board_files/genesys2/H/board.xml as part xc7k325tffg900-2 specified in board_part file is either invalid or not available
WARNING: [Board 49-26] cannot add Board Part digilentinc.com:gzu_3eg:part0:1.0 available at D:/Vivado/Vivado/2024.2/data/boards/board_files/genesys-zu-3eg/B.0/board.xml as part xczu3eg-sfvc784-1-e specified in board_part file is either invalid or not available
WARNING: [Board 49-26] cannot add Board Part digilentinc.com:gzu_3eg:part0:1.1 available at D:/Vivado/Vivado/2024.2/data/boards/board_files/genesys-zu-3eg/D.0/board.xml as part xczu3eg-sfvc784-1-e specified in board_part file is either invalid or not available
WARNING: [Board 49-26] cannot add Board Part digilentinc.com:gzu_5ev:part0:1.1 available at D:/Vivado/Vivado/2024.2/data/boards/board_files/genesys-zu-5ev/C.0/board.xml as part xczu5ev-sfvc784-1-e specified in board_part file is either invalid or not available
WARNING: [Board 49-26] cannot add Board Part digilentinc.com:sword:part0:1.0 available at D:/Vivado/Vivado/2024.2/data/boards/board_files/sword/C.0/board.xml as part xc7k325tffg900-2 specified in board_part file is either invalid or not available
WARNING: [Board 49-26] cannot add Board Part digilentinc.com:zedboard:part0:1.1 available at D:/Vivado/Vivado/2024.2/data/boards/board_files/zedboard/1.3/board.xml as part xc7z020clg484-1 specified in board_part file is either invalid or not available
WARNING: [Board 49-26] cannot add Board Part digilentinc.com:zybo-z7-10:part0:1.2 available at D:/Vivado/Vivado/2024.2/data/boards/board_files/zybo-z7-10/A.0/board.xml as part xc7z010clg400-1 specified in board_part file is either invalid or not available
WARNING: [Board 49-26] cannot add Board Part digilentinc.com:zybo-z7-20:part0:1.2 available at D:/Vivado/Vivado/2024.2/data/boards/board_files/zybo-z7-20/A.0/board.xml as part xc7z020clg400-1 specified in board_part file is either invalid or not available
WARNING: [Board 49-26] cannot add Board Part digilentinc.com:zybo:part0:1.0 available at D:/Vivado/Vivado/2024.2/data/boards/board_files/zybo/B.3/board.xml as part xc7z010clg400-1 specified in board_part file is either invalid or not available
WARNING: [Board 49-26] cannot add Board Part digilentinc.com:zybo:part0:2.0 available at D:/Vivado/Vivado/2024.2/data/boards/board_files/zybo/B.4/board.xml as part xc7z010clg400-1 specified in board_part file is either invalid or not available
open_project D:/U更/Example/hw/src/soc.xpr
INFO: [Project 1-313] Project file moved from '/home/yc/proj/2_TFLM/hw/soc' since last save.
INFO: [filemgmt 56-3] Default IP Output Path : Could not find the directory 'D:/U更/Example/hw/src/soc.gen/sources_1'.
WARNING: [filemgmt 56-3] IPUserFilesDir: Could not find the directory 'D:/U更/Example/hw/src/soc.ip_user_files'.
CRITICAL WARNING: [Project 1-311] Could not find the file 'D:/U更/Example/hw/src/BranchUnit.v', nor could it be found using path 'D:/home/yc/proj/2_TFLM/hw/soc/BranchUnit.v'.
CRITICAL WARNING: [Project 1-311] Could not find the file 'D:/U更/Example/hw/src/bht_2bit.v', nor could it be found using path 'D:/home/yc/proj/2_TFLM/hw/soc/bht_2bit.v'.
CRITICAL WARNING: [Project 1-311] Could not find the file 'D:/U更/Example/hw/src/BP_top.v', nor could it be found using path 'D:/home/yc/proj/2_TFLM/hw/soc/BP_top.v'.
CRITICAL WARNING: [Project 1-311] Could not find the file 'D:/U更/Example/hw/src/btb.v', nor could it be found using path 'D:/home/yc/proj/2_TFLM/hw/soc/btb.v'.
CRITICAL WARNING: [Project 1-311] Could not find the file 'D:/U更/Example/sw/build/imem.hex', nor could it be found using path 'D:/home/yc/proj/2_TFLM/sw/build/imem.hex'.
CRITICAL WARNING: [Project 1-311] Could not find the file 'D:/U更/Example/sw/build/dmem.hex', nor could it be found using path 'D:/home/yc/proj/2_TFLM/sw/build/dmem.hex'.
CRITICAL WARNING: [Project 1-311] Could not find the file 'D:/U更/Example/hw/src/soc.srcs/sources_1/ip/clk_wiz_0/clk_wiz_0.xci', nor could it be found using path 'D:/home/yc/proj/2_TFLM/hw/soc/soc.srcs/sources_1/ip/clk_wiz_0/clk_wiz_0.xci'.
Scanning sources...
Finished scanning sources
WARNING: [Project 1-509] GeneratedRun file for 'synth_1' not found
WARNING: [Project 1-509] GeneratedRun file for 'clk_wiz_0_synth_1' not found
WARNING: [Project 1-509] GeneratedRun file for 'impl_1' not found
ERROR: [IP_Flow 19-993] Could not find IP file for IP 'clk_wiz_0'.
INFO: [IP_Flow 19-234] Refreshing IP repositories
INFO: [IP_Flow 19-1704] No user IP repositories specified
INFO: [IP_Flow 19-2313] Loaded Vivado IP repository 'D:/Vivado/Vivado/2024.2/data/ip'.
CRITICAL WARNING: [IP_Flow 19-3933] Unable to construct an IP Instance clk_wiz_0 using VLNV :::.
INFO: [Project 1-230] Project 'soc.xpr' upgraded for this version of Vivado.
ERROR: [Common 17-39] 'open_project' failed due to earlier errors.
update_compile_order -fileset sources_1
exit
INFO: [Common 17-206] Exiting Vivado at Fri Dec 26 23:43:53 2025...
